INFO 2019-04-22 09:21:54,628 basehttp 124 "GET / HTTP/1.1" 200 1716
INFO 2019-04-22 09:24:35,642 basehttp 124 "GET /static/index.html HTTP/1.1" 200 25804
INFO 2019-04-22 09:24:35,663 basehttp 124 "GET /static/css/main.css HTTP/1.1" 200 39722
INFO 2019-04-22 09:24:35,665 basehttp 124 "GET /static/js/host.js HTTP/1.1" 200 120
INFO 2019-04-22 09:24:35,663 basehttp 124 "GET /static/css/reset.css HTTP/1.1" 200 638
INFO 2019-04-22 09:24:35,668 basehttp 124 "GET /static/js/vue-2.5.16.js HTTP/1.1" 200 289307
INFO 2019-04-22 09:24:35,668 basehttp 124 "GET /static/js/axios-0.18.0.min.js HTTP/1.1" 200 12941
INFO 2019-04-22 09:24:35,670 basehttp 124 "GET /static/js/jquery-1.12.4.min.js HTTP/1.1" 200 97163
INFO 2019-04-22 09:24:35,671 basehttp 124 "GET /static/js/slide.js HTTP/1.1" 200 1822
INFO 2019-04-22 09:24:35,673 basehttp 124 "GET /static/js/common.js HTTP/1.1" 200 891
INFO 2019-04-22 09:24:35,675 basehttp 124 "GET /static/js/index.js HTTP/1.1" 200 1418
INFO 2019-04-22 09:24:35,684 basehttp 124 "GET /static/images/logo.png HTTP/1.1" 200 7450
INFO 2019-04-22 09:24:35,692 basehttp 124 "GET /static/images/goods/goods001.jpg HTTP/1.1" 200 5391
INFO 2019-04-22 09:24:35,698 basehttp 124 "GET /static/images/goods/goods002.jpg HTTP/1.1" 200 5377
INFO 2019-04-22 09:24:35,700 basehttp 124 "GET /static/images/slide01.jpg HTTP/1.1" 200 67813
INFO 2019-04-22 09:24:35,701 basehttp 124 "GET /static/images/slide02.jpg HTTP/1.1" 200 89905
INFO 2019-04-22 09:24:35,703 basehttp 124 "GET /static/images/slide03.jpg HTTP/1.1" 200 70152
INFO 2019-04-22 09:24:35,705 basehttp 124 "GET /static/images/slide04.jpg HTTP/1.1" 200 107973
INFO 2019-04-22 09:24:35,715 basehttp 124 "GET /static/images/adv01.jpg HTTP/1.1" 200 39831
INFO 2019-04-22 09:24:35,717 basehttp 124 "GET /static/images/goods/goods003.jpg HTTP/1.1" 200 8579
INFO 2019-04-22 09:24:35,718 basehttp 124 "GET /static/images/banner01.jpg HTTP/1.1" 200 23658
INFO 2019-04-22 09:24:35,719 basehttp 124 "GET /static/images/goods/goods004.jpg HTTP/1.1" 200 6565
INFO 2019-04-22 09:24:35,720 basehttp 124 "GET /static/images/goods/goods005.jpg HTTP/1.1" 200 7578
INFO 2019-04-22 09:24:35,721 basehttp 124 "GET /static/images/banner02.jpg HTTP/1.1" 200 26729
INFO 2019-04-22 09:24:35,730 basehttp 124 "GET /static/images/goods/goods008.jpg HTTP/1.1" 200 7072
INFO 2019-04-22 09:24:35,733 basehttp 124 "GET /static/images/banner03.jpg HTTP/1.1" 200 22681
INFO 2019-04-22 09:24:35,734 basehttp 124 "GET /static/images/goods/goods009.jpg HTTP/1.1" 200 8738
INFO 2019-04-22 09:24:35,881 basehttp 124 "GET /static/images/icons.png HTTP/1.1" 200 7740
INFO 2019-04-22 09:56:08,224 basehttp 124 "GET /static/index.html HTTP/1.1" 304 0
INFO 2019-04-22 09:56:08,257 basehttp 124 "GET /static/js/vue-2.5.16.js HTTP/1.1" 304 0
INFO 2019-04-22 09:56:08,258 basehttp 124 "GET /static/css/main.css HTTP/1.1" 304 0
INFO 2019-04-22 09:56:08,259 basehttp 124 "GET /static/css/reset.css HTTP/1.1" 304 0
INFO 2019-04-22 09:56:08,260 basehttp 124 "GET /static/js/axios-0.18.0.min.js HTTP/1.1" 304 0
INFO 2019-04-22 09:56:08,262 basehttp 124 "GET /static/js/host.js HTTP/1.1" 304 0
INFO 2019-04-22 09:56:08,267 basehttp 124 "GET /static/js/jquery-1.12.4.min.js HTTP/1.1" 304 0
INFO 2019-04-22 09:56:08,271 basehttp 124 "GET /static/js/slide.js HTTP/1.1" 304 0
INFO 2019-04-22 09:56:08,272 basehttp 124 "GET /static/js/common.js HTTP/1.1" 304 0
INFO 2019-04-22 09:56:08,274 basehttp 124 "GET /static/js/index.js HTTP/1.1" 304 0
INFO 2019-04-22 09:56:08,302 basehttp 124 "GET /static/images/logo.png HTTP/1.1" 304 0
INFO 2019-04-22 09:56:08,311 basehttp 124 "GET /static/images/goods/goods001.jpg HTTP/1.1" 304 0
INFO 2019-04-22 09:56:08,311 basehttp 124 "GET /static/images/goods/goods002.jpg HTTP/1.1" 304 0
INFO 2019-04-22 09:56:08,313 basehttp 124 "GET /static/images/slide01.jpg HTTP/1.1" 304 0
INFO 2019-04-22 09:56:08,319 basehttp 124 "GET /static/images/slide03.jpg HTTP/1.1" 304 0
INFO 2019-04-22 09:56:08,321 basehttp 124 "GET /static/images/slide02.jpg HTTP/1.1" 304 0
INFO 2019-04-22 09:56:08,349 basehttp 124 "GET /static/images/slide04.jpg HTTP/1.1" 304 0
INFO 2019-04-22 09:56:08,353 basehttp 124 "GET /static/images/goods/goods005.jpg HTTP/1.1" 304 0
INFO 2019-04-22 09:56:08,354 basehttp 124 "GET /static/images/adv01.jpg HTTP/1.1" 304 0
INFO 2019-04-22 09:56:08,355 basehttp 124 "GET /static/images/goods/goods003.jpg HTTP/1.1" 304 0
INFO 2019-04-22 09:56:08,355 basehttp 124 "GET /static/images/banner01.jpg HTTP/1.1" 304 0
INFO 2019-04-22 09:56:08,356 basehttp 124 "GET /static/images/goods/goods004.jpg HTTP/1.1" 304 0
INFO 2019-04-22 09:56:08,370 basehttp 124 "GET /static/images/banner02.jpg HTTP/1.1" 304 0
INFO 2019-04-22 09:56:08,375 basehttp 124 "GET /static/images/goods/goods008.jpg HTTP/1.1" 304 0
INFO 2019-04-22 09:56:08,377 basehttp 124 "GET /static/images/goods/goods009.jpg HTTP/1.1" 304 0
INFO 2019-04-22 09:56:08,379 basehttp 124 "GET /static/images/banner03.jpg HTTP/1.1" 304 0
INFO 2019-04-22 10:02:26,195 basehttp 124 "GET /static/index.html HTTP/1.1" 304 0
INFO 2019-04-22 10:02:26,236 basehttp 124 "GET /static/css/reset.css HTTP/1.1" 304 0
INFO 2019-04-22 10:02:26,238 basehttp 124 "GET /static/css/main.css HTTP/1.1" 304 0
INFO 2019-04-22 10:02:26,242 basehttp 124 "GET /static/js/host.js HTTP/1.1" 304 0
INFO 2019-04-22 10:02:26,243 basehttp 124 "GET /static/js/vue-2.5.16.js HTTP/1.1" 304 0
INFO 2019-04-22 10:02:26,245 basehttp 124 "GET /static/js/axios-0.18.0.min.js HTTP/1.1" 304 0
INFO 2019-04-22 10:02:26,248 basehttp 124 "GET /static/js/jquery-1.12.4.min.js HTTP/1.1" 304 0
INFO 2019-04-22 10:02:26,258 basehttp 124 "GET /static/images/logo.png HTTP/1.1" 304 0
INFO 2019-04-22 10:02:26,259 basehttp 124 "GET /static/images/goods/goods001.jpg HTTP/1.1" 304 0
INFO 2019-04-22 10:02:26,260 basehttp 124 "GET /static/images/goods/goods002.jpg HTTP/1.1" 304 0
INFO 2019-04-22 10:02:26,261 basehttp 124 "GET /static/images/slide01.jpg HTTP/1.1" 304 0
INFO 2019-04-22 10:02:26,263 basehttp 124 "GET /static/images/slide02.jpg HTTP/1.1" 304 0
INFO 2019-04-22 10:02:26,268 basehttp 124 "GET /static/images/slide03.jpg HTTP/1.1" 304 0
INFO 2019-04-22 10:02:26,272 basehttp 124 "GET /static/js/slide.js HTTP/1.1" 304 0
INFO 2019-04-22 10:02:26,275 basehttp 124 "GET /static/js/index.js HTTP/1.1" 304 0
INFO 2019-04-22 10:02:26,276 basehttp 124 "GET /static/js/common.js HTTP/1.1" 304 0
INFO 2019-04-22 10:02:26,288 basehttp 124 "GET /static/images/slide04.jpg HTTP/1.1" 304 0
INFO 2019-04-22 10:02:26,295 basehttp 124 "GET /static/images/banner01.jpg HTTP/1.1" 304 0
INFO 2019-04-22 10:02:26,297 basehttp 124 "GET /static/images/adv01.jpg HTTP/1.1" 304 0
INFO 2019-04-22 10:02:26,299 basehttp 124 "GET /static/images/goods/goods003.jpg HTTP/1.1" 304 0
INFO 2019-04-22 10:02:26,300 basehttp 124 "GET /static/images/goods/goods004.jpg HTTP/1.1" 304 0
INFO 2019-04-22 10:02:26,302 basehttp 124 "GET /static/images/goods/goods005.jpg HTTP/1.1" 304 0
INFO 2019-04-22 10:02:26,312 basehttp 124 "GET /static/images/banner02.jpg HTTP/1.1" 304 0
INFO 2019-04-22 10:02:26,330 basehttp 124 "GET /static/images/goods/goods008.jpg HTTP/1.1" 304 0
INFO 2019-04-22 10:02:26,332 basehttp 124 "GET /static/images/banner03.jpg HTTP/1.1" 304 0
INFO 2019-04-22 10:02:26,333 basehttp 124 "GET /static/images/goods/goods009.jpg HTTP/1.1" 304 0
INFO 2019-04-22 10:02:30,828 basehttp 124 "GET /register/ HTTP/1.1" 200 328
INFO 2019-04-22 10:02:57,374 basehttp 124 "GET /register/ HTTP/1.1" 200 328
INFO 2019-04-22 10:02:57,399 basehttp 124 "GET /static/css/reset.css HTTP/1.1" 304 0
INFO 2019-04-22 10:02:57,400 basehttp 124 "GET /static/css/main.css HTTP/1.1" 304 0
INFO 2019-04-22 10:05:30,735 basehttp 124 "GET /register/ HTTP/1.1" 200 4535
INFO 2019-04-22 10:05:30,816 basehttp 124 "GET /static/css/reset.css HTTP/1.1" 304 0
INFO 2019-04-22 10:05:30,817 basehttp 124 "GET /static/css/main.css HTTP/1.1" 304 0
INFO 2019-04-22 10:05:30,820 basehttp 124 "GET /static/js/host.js HTTP/1.1" 304 0
INFO 2019-04-22 10:05:30,821 basehttp 124 "GET /static/js/vue-2.5.16.js HTTP/1.1" 304 0
INFO 2019-04-22 10:05:30,825 basehttp 124 "GET /static/images/logo.png HTTP/1.1" 304 0
INFO 2019-04-22 10:05:30,825 basehttp 124 "GET /static/js/axios-0.18.0.min.js HTTP/1.1" 304 0
INFO 2019-04-22 10:05:30,838 basehttp 124 "GET /static/js/register.js HTTP/1.1" 200 9786
WARNING 2019-04-22 10:05:30,974 basehttp 124 "GET /static/js/axios.min.map HTTP/1.1" 404 1661
INFO 2019-04-22 10:05:31,045 basehttp 124 "GET /static/images/interval_line.png HTTP/1.1" 200 1123
INFO 2019-04-22 10:05:31,049 basehttp 124 "GET /static/images/register_banner.png HTTP/1.1" 200 54894
INFO 2019-04-22 10:05:31,055 basehttp 124 "GET /static/images/icons02.png HTTP/1.1" 200 3935
